C51 COMPILER V9.54   MAIN                                                                  04/20/2019 10:24:58 PAGE 1   


C51 COMPILER V9.54, COMPILATION OF MODULE MAIN
OBJECT MODULE PLACED IN .\bin\main.obj
COMPILER INVOKED BY: E:\keil5\C51\BIN\C51.EXE main.c BROWSE DEBUG OBJECTEXTEND PRINT(.\LinkFile\main.lst) TABS(2) OBJECT
                    -(.\bin\main.obj)

line level    source

   1          #include "./globalManager/globalManager.h"
   2          int8_t main()
   3          {
   4   1      
   5   1        GlobalManager *testObj=g_getGlobalManagerObj();
   6   1        return Success_Result;
   7   1      }


MODULE INFORMATION:   STATIC OVERLAYABLE
   CODE SIZE        =     12    ----
   CONSTANT SIZE    =   ----    ----
   XDATA SIZE       =   ----    ----
   PDATA SIZE       =   ----    ----
   DATA SIZE        =      4       3
   IDATA SIZE       =   ----    ----
   BIT SIZE         =   ----    ----
END OF MODULE INFORMATION.


C51 COMPILATION COMPLETE.  0 WARNING(S),  0 ERROR(S)
