C51 COMPILER V9.59.0.0   MAIN                                                              04/24/2019 11:42:36 PAGE 1   


C51 COMPILER V9.59.0.0, COMPILATION OF MODULE MAIN
OBJECT MODULE PLACED IN .\bin\main.obj
COMPILER INVOKED BY: G:\Keil_v5\C51\BIN\C51.EXE main.c OPTIMIZE(8,SPEED) BROWSE DEBUG OBJECTEXTEND PRINT(.\LinkFile\main
                    -.lst) TABS(2) OBJECT(.\bin\main.obj)

line level    source

   1          #include "./globalManager/globalManager.h"
   2          void main()
   3          {
   4   1        //全局初始化函数
   5   1        g_initSystemParameter();
   6   1      //整个工程模块
   7   1      #if CURRENT_Module==ALL_Module
                
              #endif
  10   1      //电机模块
  11   1      #if CURRENT_Module==MOTOR_Module
  12   1          //电机1测试代码，正反转
  13   1          g_getGlobalManagerObj().controlMotor1StatusFunc(Move_Down);
  14   1            //电机2测试代码，正反转
  15   1          //g_getGlobalManagerObj().controlMotor2StatusFunc(Move_Up);
  16   1          forever{}
  17   1      #endif
  18   1      //GSM模块调试
  19   1      #if CURRENT_Module==GSM_Module
              
              #endif
  22   1      }


MODULE INFORMATION:   STATIC OVERLAYABLE
   CODE SIZE        =     20    ----
   CONSTANT SIZE    =   ----    ----
   XDATA SIZE       =   ----    ----
   PDATA SIZE       =   ----    ----
   DATA SIZE        =      4    ----
   IDATA SIZE       =   ----    ----
   BIT SIZE         =   ----    ----
END OF MODULE INFORMATION.


C51 COMPILATION COMPLETE.  0 WARNING(S),  0 ERROR(S)
